(---------------------------------------------------------------------)
(                                                                     )
(    Allegro Netrev Import Logic                                      )
(                                                                     )
(    Drawing          : P1.brd                                        )
(    Software Version : 17.2S025                                      )
(    Date/Time        : Thu Dec 05 12:09:57 2024                      )
(                                                                     )
(---------------------------------------------------------------------)


------ Directives ------------

Ripup etch:                  No
Ripup delete first segment:  No
Ripup retain bondwire:       No
Ripup symbols:               Always
Missing symbol has error:    No
DRC update:                  Yes
Schematic directory:         'C:\USERS\FIEREA COSMIN\DESKTOP\P1_2024_431D_FIEREA_COSMIN-ANDREI_AAF_N15_ORCAD\SCHEMATICS\allegro'
Design Directory:            'C:/USERS/FIEREA COSMIN/DESKTOP/P1_2024_431D_FIEREA_COSMIN-ANDREI_AAF_N15_ORCAD/SCHEMATICS/allegro'
Old design name:             'C:/USERS/FIEREA COSMIN/DESKTOP/P1_2024_431D_FIEREA_COSMIN-ANDREI_AAF_N15_ORCAD/SCHEMATICS/allegro/P1.brd'
New design name:             'C:/USERS/FIEREA COSMIN/DESKTOP/P1_2024_431D_FIEREA_COSMIN-ANDREI_AAF_N15_ORCAD/SCHEMATICS/allegro/P1.brd'

CmdLine: netrev.exe -y 1 -n -i C:\USERS\FIEREA COSMIN\DESKTOP\P1_2024_431D_FIEREA_COSMIN-ANDREI_AAF_N15_ORCAD\SCHEMATICS\allegro C:\USERS\FIEREA COSMIN\DESKTOP\P1_2024_431D_FIEREA_COSMIN-ANDREI_AAF_N15_ORCAD\SCHEMATICS\allegro\P1.brd C:\USERS\FIEREA COSMIN\DESKTOP\P1_2024_431D_FIEREA_COSMIN-ANDREI_AAF_N15_ORCAD\SCHEMATICS\allegro\P1.brd

------ Preparing to read pst files ------

Starting to read C:/USERS/FIEREA COSMIN/DESKTOP/P1_2024_431D_FIEREA_COSMIN-ANDREI_AAF_N15_ORCAD/SCHEMATICS/allegro/pstchip.dat 
   Finished reading C:/USERS/FIEREA COSMIN/DESKTOP/P1_2024_431D_FIEREA_COSMIN-ANDREI_AAF_N15_ORCAD/SCHEMATICS/allegro/pstchip.dat (00:00:00.03)
Starting to read C:/USERS/FIEREA COSMIN/DESKTOP/P1_2024_431D_FIEREA_COSMIN-ANDREI_AAF_N15_ORCAD/SCHEMATICS/allegro/pstxprt.dat 
   Finished reading C:/USERS/FIEREA COSMIN/DESKTOP/P1_2024_431D_FIEREA_COSMIN-ANDREI_AAF_N15_ORCAD/SCHEMATICS/allegro/pstxprt.dat (00:00:00.00)
Starting to read C:/USERS/FIEREA COSMIN/DESKTOP/P1_2024_431D_FIEREA_COSMIN-ANDREI_AAF_N15_ORCAD/SCHEMATICS/allegro/pstxnet.dat 
   Finished reading C:/USERS/FIEREA COSMIN/DESKTOP/P1_2024_431D_FIEREA_COSMIN-ANDREI_AAF_N15_ORCAD/SCHEMATICS/allegro/pstxnet.dat (00:00:00.00)

------ Oversights/Warnings/Errors ------


------ Library Paths ------
MODULEPATH =  . 
           C:/Cadence/SPB_17.2/share/local/pcb/modules 

PSMPATH =  . 
           symbols 
           .. 
           ../symbols 
           C:/Cadence/SPB_17.2/share/local/pcb/symbols 
           C:/Cadence/SPB_17.2/share/pcb/pcb_lib/symbols 
           C:/Cadence/SPB_17.2/share/pcb/allegrolib/symbols 

PADPATH =  . 
           symbols 
           .. 
           ../symbols 
           C:/Cadence/SPB_17.2/share/local/pcb/padstacks 
           C:/Cadence/SPB_17.2/share/pcb/pcb_lib/symbols 
           C:/Cadence/SPB_17.2/share/pcb/allegrolib/symbols 


------ Summary Statistics ------


netrev run on Dec 5 12:09:57 2024
   DESIGN NAME : 'P1'
   PACKAGING ON Jul 30 2017 03:29:02

   COMPILE 'logic'
   CHECK_PIN_NAMES OFF
   CROSS_REFERENCE OFF
   FEEDBACK OFF
   INCREMENTAL OFF
   INTERFACE_TYPE PHYSICAL
   MAX_ERRORS 500
   MERGE_MINIMUM 5
   NET_NAME_CHARS '#%&()*+-./:=>?@[]^_`|'
   NET_NAME_LENGTH 24
   OVERSIGHTS ON
   REPLACE_CHECK OFF
   SINGLE_NODE_NETS ON
   SPLIT_MINIMUM 0
   SUPPRESS   20
   WARNINGS ON

 No error detected
 No oversight detected
 No warning detected

cpu time      0:00:52
elapsed time  0:00:01

